<?xml version="1.0" encoding="UTF-8"?>
<testsuite name="HammingEncoderTest" tests="1" skipped="0" failures="0" errors="0" timestamp="2024-03-02T17:33:21" hostname="DESKTOP-F8DJU33" time="0.03">
  <properties/>
  <testcase name="flipBit_withEmptyInput_returnsEmptyString()" classname="HammingEncoderTest" time="0.03"/>
  <system-out><![CDATA[]]></system-out>
  <system-err><![CDATA[]]></system-err>
</testsuite>
